Build started 6/30/2013 8:30:34 PM.
     1>Project "C:\Users\Colton\Desktop\CS 1410\Proj8\Project 8\Project 8\Project 8.vcxproj" on node 2 (build target(s)).
     1>InitializeBuildStatus:
         Touching "Debug\Project 8.unsuccessfulbuild".
       ClCompile:
         c:\Program Files\Microsoft Visual Studio 10.0\VC\bin\CL.exe /c /ZI /nologo /W3 /WX- /Od /Oy- /D _MBCS /Gm /EHsc /RTC1 /MDd /GS /fp:precise /Zc:wchar_t /Zc:forScope /Fo"Debug\\" /Fd"Debug\vc100.pdb" /Gd /TP /analyze- /errorReport:prompt Driver.cpp Employee.cpp Hourly.cpp Salaried.cpp
         Salaried.cpp
     1>c:\users\colton\desktop\cs 1410\proj8\project 8\project 8\employee.h(29): error C2011: 'Employee' : 'class' type redefinition
                 c:\users\colton\desktop\cs 1410\proj8\project 8\project 8\employee.h(29) : see declaration of 'Employee'
     1>c:\users\colton\desktop\cs 1410\proj8\project 8\project 8\salaried.cpp(32): error C2027: use of undefined type 'Employee'
                 c:\users\colton\desktop\cs 1410\proj8\project 8\project 8\employee.h(29) : see declaration of 'Employee'
     1>c:\users\colton\desktop\cs 1410\proj8\project 8\project 8\salaried.cpp(32): fatal error C1903: unable to recover from previous error(s); stopping compilation
         Hourly.cpp
     1>c:\users\colton\desktop\cs 1410\proj8\project 8\project 8\employee.h(29): error C2011: 'Employee' : 'class' type redefinition
                 c:\users\colton\desktop\cs 1410\proj8\project 8\project 8\employee.h(29) : see declaration of 'Employee'
     1>c:\users\colton\desktop\cs 1410\proj8\project 8\project 8\hourly.cpp(32): error C2027: use of undefined type 'Employee'
                 c:\users\colton\desktop\cs 1410\proj8\project 8\project 8\employee.h(29) : see declaration of 'Employee'
     1>c:\users\colton\desktop\cs 1410\proj8\project 8\project 8\hourly.cpp(32): fatal error C1903: unable to recover from previous error(s); stopping compilation
         Employee.cpp
         Driver.cpp
     1>c:\users\colton\desktop\cs 1410\proj8\project 8\project 8\employee.h(29): error C2011: 'Employee' : 'class' type redefinition
                 c:\users\colton\desktop\cs 1410\proj8\project 8\project 8\employee.h(29) : see declaration of 'Employee'
     1>c:\users\colton\desktop\cs 1410\proj8\project 8\project 8\hourly.h(30): error C2504: 'Employee' : base class undefined
         Generating Code...
     1>Done Building Project "C:\Users\Colton\Desktop\CS 1410\Proj8\Project 8\Project 8\Project 8.vcxproj" (build target(s)) -- FAILED.

Build FAILED.

Time Elapsed 00:00:05.07
